<?xml version="1.0" encoding="UTF-8"?><testrun name="TestRunner (1)" project="InmvcProject" tests="1" started="1" failures="0" errors="2" ignored="0">
  <testsuite name="Step_Definitions.TestRunner" time="0.114">
    <testsuite name="Verifying people module wit all possible scenarios" time="0.114">
      <testcase name="Verifying people page UI Elements" classname="Verifying people module wit all possible scenarios" time="0.114">
        <error>java.lang.IllegalStateException: The path to the driver executable must be set by the webdriver.chrome.driver system property; for more information, see https://github.com/SeleniumHQ/selenium/wiki/ChromeDriver. The latest version can be downloaded from http://chromedriver.storage.googleapis.com/index.html&#13;
	at com.google.common.base.Preconditions.checkState(Preconditions.java:840)&#13;
	at org.openqa.selenium.remote.service.DriverService.findExecutable(DriverService.java:134)&#13;
	at org.openqa.selenium.chrome.ChromeDriverService.access$000(ChromeDriverService.java:35)&#13;
	at org.openqa.selenium.chrome.ChromeDriverService$Builder.findDefaultExecutable(ChromeDriverService.java:159)&#13;
	at org.openqa.selenium.remote.service.DriverService$Builder.build(DriverService.java:355)&#13;
	at org.openqa.selenium.chrome.ChromeDriverService.createDefaultService(ChromeDriverService.java:94)&#13;
	at org.openqa.selenium.chrome.ChromeDriver.&lt;init&gt;(ChromeDriver.java:157)&#13;
	at Step_Definitions.schedularsetps.openApp(schedularsetps.java:31)&#13;
&#13;
java.lang.NullPointerException: Cannot invoke "org.openqa.selenium.WebDriver.close()" because "this.driver" is null&#13;
	at Step_Definitions.schedularsetps.closeApp(schedularsetps.java:57)&#13;
&#13;
</error>
      </testcase>
    </testsuite>
  </testsuite>
</testrun>
