<?xml version="1.0" encoding="UTF-8"?><testrun name="TestRunner (1)" project="InmvcProject" tests="1" started="1" failures="0" errors="2" ignored="0">
  <testsuite name="Step_Definitions.TestRunner" time="1.815">
    <testsuite name="Verifying people module wit all possible scenarios" time="1.815">
      <testcase name="Verifying people page UI Elements" classname="Verifying people module wit all possible scenarios" time="1.815">
        <error>org.openqa.selenium.SessionNotCreatedException: session not created: This version of ChromeDriver only supports Chrome version 113
Current browser version is 118.0.5993.89 with binary path C:\Program Files\Google\Chrome\Application\chrome.exe
Build info: version: '3.141.59', revision: 'e82be7d358', time: '2018-11-14T08:17:03'
System info: host: 'DESKTOP-0CJPSQ2', ip: '172.16.16.101', os.name: 'Windows 10', os.arch: 'amd64', os.version: '10.0', java.version: '17.0.4.1'
Driver info: driver.version: ChromeDriver
remote stacktrace: Backtrace:
	GetHandleVerifier [0x00E58893+48451]
	(No symbol) [0x00DEB8A1]
	(No symbol) [0x00CF5058]
	(No symbol) [0x00D15D9C]
	(No symbol) [0x00D11AA3]
	(No symbol) [0x00D10019]
	(No symbol) [0x00D40798]
	(No symbol) [0x00D4047C]
	(No symbol) [0x00D3A0B6]
	(No symbol) [0x00D17E08]
	(No symbol) [0x00D18F2D]
	GetHandleVerifier [0x010B8E3A+2540266]
	GetHandleVerifier [0x010F8959+2801161]
	GetHandleVerifier [0x010F295C+2776588]
	GetHandleVerifier [0x00EE2280+612144]
	(No symbol) [0x00DF4F6C]
	(No symbol) [0x00DF11D8]
	(No symbol) [0x00DF12BB]
	(No symbol) [0x00DE4857]
	BaseThreadInitThunk [0x771CFCC9+25]
	RtlGetAppContainerNamedObjectPath [0x77317B1E+286]
	RtlGetAppContainerNamedObjectPath [0x77317AEE+238]
&#13;
	at java.base/jdk.internal.reflect.NativeConstructorAccessorImpl.newInstance0(Native Method)&#13;
	at java.base/jdk.internal.reflect.NativeConstructorAccessorImpl.newInstance(NativeConstructorAccessorImpl.java:77)&#13;
	at java.base/jdk.internal.reflect.DelegatingConstructorAccessorImpl.newInstance(DelegatingConstructorAccessorImpl.java:45)&#13;
	at java.base/java.lang.reflect.Constructor.newInstanceWithCaller(Constructor.java:499)&#13;
	at java.base/java.lang.reflect.Constructor.newInstance(Constructor.java:480)&#13;
	at org.openqa.selenium.remote.W3CHandshakeResponse.lambda$errorHandler$0(W3CHandshakeResponse.java:62)&#13;
	at org.openqa.selenium.remote.HandshakeResponse.lambda$getResponseFunction$0(HandshakeResponse.java:30)&#13;
	at org.openqa.selenium.remote.ProtocolHandshake.lambda$createSession$0(ProtocolHandshake.java:126)&#13;
	at java.base/java.util.stream.ReferencePipeline$3$1.accept(ReferencePipeline.java:197)&#13;
	at java.base/java.util.Spliterators$ArraySpliterator.tryAdvance(Spliterators.java:1002)&#13;
	at java.base/java.util.stream.ReferencePipeline.forEachWithCancel(ReferencePipeline.java:129)&#13;
	at java.base/java.util.stream.AbstractPipeline.copyIntoWithCancel(AbstractPipeline.java:527)&#13;
	at java.base/java.util.stream.AbstractPipeline.copyInto(AbstractPipeline.java:513)&#13;
	at java.base/java.util.stream.AbstractPipeline.wrapAndCopyInto(AbstractPipeline.java:499)&#13;
	at java.base/java.util.stream.FindOps$FindOp.evaluateSequential(FindOps.java:150)&#13;
	at java.base/java.util.stream.AbstractPipeline.evaluate(AbstractPipeline.java:234)&#13;
	at java.base/java.util.stream.ReferencePipeline.findFirst(ReferencePipeline.java:647)&#13;
	at org.openqa.selenium.remote.ProtocolHandshake.createSession(ProtocolHandshake.java:128)&#13;
	at org.openqa.selenium.remote.ProtocolHandshake.createSession(ProtocolHandshake.java:74)&#13;
	at org.openqa.selenium.remote.HttpCommandExecutor.execute(HttpCommandExecutor.java:136)&#13;
	at org.openqa.selenium.remote.service.DriverCommandExecutor.execute(DriverCommandExecutor.java:83)&#13;
	at org.openqa.selenium.remote.RemoteWebDriver.execute(RemoteWebDriver.java:552)&#13;
	at org.openqa.selenium.remote.RemoteWebDriver.startSession(RemoteWebDriver.java:213)&#13;
	at org.openqa.selenium.remote.RemoteWebDriver.&lt;init&gt;(RemoteWebDriver.java:131)&#13;
	at org.openqa.selenium.chrome.ChromeDriver.&lt;init&gt;(ChromeDriver.java:181)&#13;
	at org.openqa.selenium.chrome.ChromeDriver.&lt;init&gt;(ChromeDriver.java:168)&#13;
	at org.openqa.selenium.chrome.ChromeDriver.&lt;init&gt;(ChromeDriver.java:157)&#13;
	at Step_Definitions.schedularsetps.openApp(schedularsetps.java:31)&#13;
&#13;
java.lang.NullPointerException: Cannot invoke "org.openqa.selenium.WebDriver.close()" because "this.driver" is null&#13;
	at Step_Definitions.schedularsetps.closeApp(schedularsetps.java:57)&#13;
&#13;
</error>
      </testcase>
    </testsuite>
  </testsuite>
</testrun>
